<?xml version="1.0" encoding="UTF-8"?>
<testng-results ignored="0" total="14" passed="14" failed="0" skipped="0">
  <reporter-output>
  </reporter-output>
  <suite started-at="2025-08-30T10:04:30 IST" name="AutomationSuite" finished-at="2025-08-30T10:06:18 IST" duration-ms="108390">
    <groups>
    </groups>
    <test started-at="2025-08-30T10:04:30 IST" name="Login Test" finished-at="2025-08-30T10:04:31 IST" duration-ms="1726">
      <class name="tests.LoginTest">
        <test-method is-config="true" signature="setup()[pri:0, instance:tests.LoginTest@77f1baf5]" started-at="2025-08-30T10:04:30 IST" name="setup" finished-at="2025-08-30T10:04:30 IST" duration-ms="43" status="PASS">
          <reporter-output>
          </reporter-output>
        </test-method> <!-- setup -->
        <test-method signature="EnterLoginCredential()[pri:0, instance:tests.LoginTest@77f1baf5]" started-at="2025-08-30T10:04:30 IST" name="EnterLoginCredential" finished-at="2025-08-30T10:04:31 IST" duration-ms="1413" status="PASS">
          <reporter-output>
          </reporter-output>
        </test-method> <!-- EnterLoginCredential -->
        <test-method signature="testClosePopup()[pri:0, instance:tests.LoginTest@77f1baf5]" started-at="2025-08-30T10:04:31 IST" name="testClosePopup" finished-at="2025-08-30T10:04:31 IST" duration-ms="205" status="PASS">
          <reporter-output>
          </reporter-output>
        </test-method> <!-- testClosePopup -->
      </class> <!-- tests.LoginTest -->
    </test> <!-- Login Test -->
    <test started-at="2025-08-30T10:04:32 IST" name="Flight Test" finished-at="2025-08-30T10:05:15 IST" duration-ms="42891">
      <class name="tests.FlightTest">
        <test-method is-config="true" signature="setup()[pri:0, instance:tests.FlightTest@63070bab]" started-at="2025-08-30T10:04:32 IST" name="setup" finished-at="2025-08-30T10:04:32 IST" duration-ms="4" status="PASS">
          <reporter-output>
          </reporter-output>
        </test-method> <!-- setup -->
        <test-method signature="ads()[pri:1, instance:tests.FlightTest@63070bab]" started-at="2025-08-30T10:04:32 IST" name="ads" finished-at="2025-08-30T10:04:32 IST" duration-ms="143" status="PASS">
          <reporter-output>
          </reporter-output>
        </test-method> <!-- ads -->
        <test-method signature="OneWayTrip()[pri:2, instance:tests.FlightTest@63070bab]" started-at="2025-08-30T10:04:32 IST" name="OneWayTrip" finished-at="2025-08-30T10:04:53 IST" duration-ms="20954" status="PASS">
          <reporter-output>
          </reporter-output>
        </test-method> <!-- OneWayTrip -->
        <test-method signature="RoundTrip()[pri:3, instance:tests.FlightTest@63070bab]" started-at="2025-08-30T10:04:53 IST" name="RoundTrip" finished-at="2025-08-30T10:05:15 IST" duration-ms="21776" status="PASS">
          <reporter-output>
          </reporter-output>
        </test-method> <!-- RoundTrip -->
      </class> <!-- tests.FlightTest -->
    </test> <!-- Flight Test -->
    <test started-at="2025-08-30T10:05:15 IST" name="Hotel Test" finished-at="2025-08-30T10:06:18 IST" duration-ms="63169">
      <class name="tests.HotelTest">
        <test-method is-config="true" signature="openBrowser(java.lang.String)[pri:0, instance:tests.HotelTest@3c0be339]" started-at="2025-08-30T10:04:21 IST" name="openBrowser" finished-at="2025-08-30T10:04:30 IST" duration-ms="8858" status="PASS">
          <params>
            <param index="0">
              <value>
                <![CDATA[firefox]]>
              </value>
            </param>
          </params>
          <reporter-output>
          </reporter-output>
        </test-method> <!-- openBrowser -->
        <test-method is-config="true" signature="Setup()[pri:0, instance:tests.HotelTest@3c0be339]" started-at="2025-08-30T10:05:15 IST" name="Setup" finished-at="2025-08-30T10:05:15 IST" duration-ms="17" status="PASS">
          <reporter-output>
          </reporter-output>
        </test-method> <!-- Setup -->
        <test-method signature="hotelSearchWithFutureDatesTest()[pri:1, instance:tests.HotelTest@3c0be339]" started-at="2025-08-30T10:05:15 IST" name="hotelSearchWithFutureDatesTest" description="Search hotels in a valid location with future check-in and check-out dates" finished-at="2025-08-30T10:05:23 IST" duration-ms="7681" status="PASS">
          <reporter-output>
          </reporter-output>
        </test-method> <!-- hotelSearchWithFutureDatesTest -->
        <test-method signature="applyHotelFilter()[pri:2, instance:tests.HotelTest@3c0be339]" started-at="2025-08-30T10:05:23 IST" name="applyHotelFilter" description="Search hotels and then apply filters" finished-at="2025-08-30T10:05:48 IST" duration-ms="25249" status="PASS">
          <reporter-output>
          </reporter-output>
        </test-method> <!-- applyHotelFilter -->
        <test-method signature="hotelSortResultByLowestPrice()[pri:3, instance:tests.HotelTest@3c0be339]" started-at="2025-08-30T10:05:48 IST" name="hotelSortResultByLowestPrice" description="Sort hotel results by rating or lowest price" finished-at="2025-08-30T10:05:50 IST" duration-ms="2293" status="PASS">
          <reporter-output>
          </reporter-output>
        </test-method> <!-- hotelSortResultByLowestPrice -->
        <test-method signature="hotelSortResultByHighestPrice()[pri:4, instance:tests.HotelTest@3c0be339]" started-at="2025-08-30T10:05:50 IST" name="hotelSortResultByHighestPrice" finished-at="2025-08-30T10:05:52 IST" duration-ms="2214" status="PASS">
          <reporter-output>
          </reporter-output>
        </test-method> <!-- hotelSortResultByHighestPrice -->
        <test-method signature="hotelDetailPageValidation()[pri:5, instance:tests.HotelTest@3c0be339]" started-at="2025-08-30T10:05:52 IST" name="hotelDetailPageValidation" description="Open hotel detail page and verify room types and prices" finished-at="2025-08-30T10:05:56 IST" duration-ms="3468" status="PASS">
          <reporter-output>
          </reporter-output>
        </test-method> <!-- hotelDetailPageValidation -->
        <test-method signature="hotelRoomBooking()[pri:6, instance:tests.HotelTest@3c0be339]" started-at="2025-08-30T10:05:56 IST" name="hotelRoomBooking" description="Book a hotel room with valid guest details" finished-at="2025-08-30T10:06:03 IST" duration-ms="7669" status="PASS">
          <reporter-output>
          </reporter-output>
        </test-method> <!-- hotelRoomBooking -->
        <test-method signature="pastCheckInDate()[pri:7, instance:tests.HotelTest@3c0be339]" started-at="2025-08-30T10:06:03 IST" name="pastCheckInDate" description="Validate past check-in date selection" finished-at="2025-08-30T10:06:11 IST" duration-ms="7203" status="PASS">
          <reporter-output>
          </reporter-output>
        </test-method> <!-- pastCheckInDate -->
        <test-method signature="sameCheckInCheckOutDate()[pri:8, instance:tests.HotelTest@3c0be339]" started-at="2025-08-30T10:06:11 IST" name="sameCheckInCheckOutDate" description="Validate same check-in and check-out date selection" finished-at="2025-08-30T10:06:15 IST" duration-ms="4669" status="PASS">
          <reporter-output>
          </reporter-output>
        </test-method> <!-- sameCheckInCheckOutDate -->
        <test-method signature="searchHotelWithoutDestination()[pri:9, instance:tests.HotelTest@3c0be339]" started-at="2025-08-30T10:06:15 IST" name="searchHotelWithoutDestination" description="Search hotel without entering destination" finished-at="2025-08-30T10:06:18 IST" duration-ms="2686" status="PASS">
          <reporter-output>
          </reporter-output>
        </test-method> <!-- searchHotelWithoutDestination -->
        <test-method is-config="true" signature="closeBrowser()[pri:0, instance:tests.HotelTest@3c0be339]" started-at="2025-08-30T10:06:18 IST" name="closeBrowser" finished-at="2025-08-30T10:06:20 IST" duration-ms="1924" status="PASS">
          <reporter-output>
          </reporter-output>
        </test-method> <!-- closeBrowser -->
      </class> <!-- tests.HotelTest -->
    </test> <!-- Hotel Test -->
  </suite> <!-- AutomationSuite -->
</testng-results>
