<?xml version="1.0" encoding="UTF-8"?>
<!-- Generated by org.testng.reporters.JUnitXMLReporter -->
<testsuite ignored="0" hostname="LAPTOP-755STTQD" failures="0" tests="3" name="Flight Test" time="42.891" errors="0" timestamp="2025-08-30T10:05:15 IST">
  <testcase classname="tests.FlightTest" name="ads" time="0.143"/>
  <testcase classname="tests.FlightTest" name="OneWayTrip" time="20.954"/>
  <testcase classname="tests.FlightTest" name="RoundTrip" time="21.776"/>
</testsuite> <!-- Flight Test -->
