<?xml version="1.0" encoding="UTF-8"?>
<!-- Generated by org.testng.reporters.JUnitXMLReporter -->
<testsuite ignored="0" hostname="LAPTOP-755STTQD" failures="0" tests="9" name="Hotel Test" time="63.169" errors="0" timestamp="2025-08-30T10:06:18 IST">
  <testcase classname="tests.HotelTest" name="hotelSearchWithFutureDatesTest" time="7.681"/>
  <testcase classname="tests.HotelTest" name="applyHotelFilter" time="25.249"/>
  <testcase classname="tests.HotelTest" name="hotelSortResultByLowestPrice" time="2.293"/>
  <testcase classname="tests.HotelTest" name="hotelSortResultByHighestPrice" time="2.214"/>
  <testcase classname="tests.HotelTest" name="hotelDetailPageValidation" time="3.468"/>
  <testcase classname="tests.HotelTest" name="hotelRoomBooking" time="7.669"/>
  <testcase classname="tests.HotelTest" name="pastCheckInDate" time="7.203"/>
  <testcase classname="tests.HotelTest" name="sameCheckInCheckOutDate" time="4.669"/>
  <testcase classname="tests.HotelTest" name="searchHotelWithoutDestination" time="2.686"/>
</testsuite> <!-- Hotel Test -->
