<?xml version="1.0" encoding="UTF-8"?>
<!-- Generated by org.testng.reporters.JUnitXMLReporter -->
<testsuite ignored="0" hostname="LAPTOP-755STTQD" failures="0" tests="6" name="RegressionTests" time="56.096" errors="0" timestamp="2025-08-28T21:35:53 IST">
  <testcase classname="tests.LoginTest" name="EnterLoginCredential" time="3.144"/>
  <testcase classname="tests.LoginTest" name="testClosePopup" time="0.61"/>
  <testcase classname="tests.FlightTest" name="ads" time="0.276"/>
  <testcase classname="tests.FlightTest" name="OneWayTrip" time="22.355"/>
  <testcase classname="tests.FlightTest" name="RoundTrip" time="22.852"/>
  <testcase classname="tests.HotelTest" name="searchHotel" time="6.693"/>
</testsuite> <!-- RegressionTests -->
