<?xml version="1.0" encoding="UTF-8"?>
<!-- Generated by org.testng.reporters.JUnitXMLReporter -->
<testsuite ignored="0" hostname="LAPTOP-755STTQD" failures="0" tests="13" name="MakeMyTripTests" time="209.619" errors="0" timestamp="2025-09-05T15:22:46 IST">
  <testcase classname="tests.LoginTest" name="EnterLoginCredential" time="1.055"/>
  <testcase classname="tests.LoginTest" name="testClosePopup" time="0.18"/>
  <testcase classname="tests.FlightTest" name="ads" time="1.077"/>
  <testcase classname="tests.FlightTest" name="OneWayTrip" time="22.166"/>
  <testcase classname="tests.FlightTest" name="RoundTrip" time="22.617"/>
  <testcase classname="tests.HotelTest" name="hotelSearchWithFutureDatesTest" time="8.19"/>
  <testcase classname="tests.HotelTest" name="hotelFilterApplicationTest" time="59.702"/>
  <testcase classname="tests.HotelTest" name="hotelSortResults" time="13.704"/>
  <testcase classname="tests.HotelTest" name="hotelDetailPageValidation" time="6.995"/>
  <testcase classname="tests.HotelTest" name="hotelRoomBooking" time="7.47"/>
  <testcase classname="tests.HotelTest" name="hotelSearchWithPastCheckinDate" time="7.063"/>
  <testcase classname="tests.HotelTest" name="hotelSearchWithSameCheckinCheckoutDate" time="14.608"/>
  <testcase classname="tests.HotelTest" name="hotelSearchWithoutDestination" time="5.888"/>
</testsuite> <!-- MakeMyTripTests -->
