<?xml version="1.0" encoding="UTF-8"?>
<testng-results ignored="0" total="13" passed="13" failed="0" skipped="0">
  <reporter-output>
  </reporter-output>
  <suite started-at="2025-08-31T23:28:58 IST" name="AutomationSuite" finished-at="2025-08-31T23:31:35 IST" duration-ms="156880">
    <groups>
    </groups>
    <test started-at="2025-08-31T23:28:58 IST" name="MakeMyTripTests" finished-at="2025-08-31T23:31:35 IST" duration-ms="156880">
      <class name="tests.LoginTest">
        <test-method is-config="true" signature="openBrowser()[pri:0, instance:tests.LoginTest@18ece7f4]" started-at="2025-08-31T23:28:59 IST" name="openBrowser" finished-at="2025-08-31T23:29:10 IST" duration-ms="11257" status="PASS">
          <reporter-output>
          </reporter-output>
        </test-method> <!-- openBrowser -->
        <test-method signature="EnterLoginCredential()[pri:1, instance:tests.LoginTest@18ece7f4]" started-at="2025-08-31T23:29:10 IST" name="EnterLoginCredential" finished-at="2025-08-31T23:29:12 IST" duration-ms="2177" status="PASS">
          <reporter-output>
          </reporter-output>
        </test-method> <!-- EnterLoginCredential -->
        <test-method signature="testClosePopup()[pri:2, instance:tests.LoginTest@18ece7f4]" started-at="2025-08-31T23:29:12 IST" name="testClosePopup" finished-at="2025-08-31T23:29:12 IST" duration-ms="331" status="PASS">
          <reporter-output>
          </reporter-output>
        </test-method> <!-- testClosePopup -->
        <test-method is-config="true" signature="destroyBrowser()[pri:0, instance:tests.LoginTest@18ece7f4]" started-at="2025-08-31T23:29:12 IST" name="destroyBrowser" finished-at="2025-08-31T23:29:14 IST" duration-ms="1820" status="PASS">
          <reporter-output>
          </reporter-output>
        </test-method> <!-- destroyBrowser -->
      </class> <!-- tests.LoginTest -->
      <class name="tests.HotelTest">
        <test-method is-config="true" signature="setup()[pri:0, instance:tests.HotelTest@35b74c5c]" started-at="2025-08-31T23:30:12 IST" name="setup" finished-at="2025-08-31T23:30:21 IST" duration-ms="8894" status="PASS">
          <reporter-output>
          </reporter-output>
        </test-method> <!-- setup -->
        <test-method signature="hotelSearchWithFutureDatesTest()[pri:0, instance:tests.HotelTest@35b74c5c]" started-at="2025-08-31T23:30:21 IST" name="hotelSearchWithFutureDatesTest" description="Search hotels in a valid location with future check-in and check-out dates" finished-at="2025-08-31T23:30:28 IST" duration-ms="7208" status="PASS">
          <reporter-output>
          </reporter-output>
        </test-method> <!-- hotelSearchWithFutureDatesTest -->
        <test-method signature="hotelFilterApplicationTest()[pri:1, instance:tests.HotelTest@35b74c5c]" started-at="2025-08-31T23:30:28 IST" name="hotelFilterApplicationTest" description="Apply filters like star rating, amenities, and price range" finished-at="2025-08-31T23:30:47 IST" duration-ms="18801" status="PASS">
          <reporter-output>
          </reporter-output>
        </test-method> <!-- hotelFilterApplicationTest -->
        <test-method signature="hotelSortResults()[pri:2, instance:tests.HotelTest@35b74c5c]" started-at="2025-08-31T23:30:47 IST" name="hotelSortResults" description="Sort hotel results by rating or lowest price" finished-at="2025-08-31T23:30:51 IST" duration-ms="3542" status="PASS">
          <reporter-output>
          </reporter-output>
        </test-method> <!-- hotelSortResults -->
        <test-method signature="hotelDetailPageValidation()[pri:3, instance:tests.HotelTest@35b74c5c]" started-at="2025-08-31T23:30:51 IST" name="hotelDetailPageValidation" description="Open hotel detail page and verify room types and prices" finished-at="2025-08-31T23:30:56 IST" duration-ms="5622" status="PASS">
          <reporter-output>
          </reporter-output>
        </test-method> <!-- hotelDetailPageValidation -->
        <test-method signature="hotelRoomBooking()[pri:4, instance:tests.HotelTest@35b74c5c]" started-at="2025-08-31T23:30:56 IST" name="hotelRoomBooking" description="Book a hotel room with valid guest details" finished-at="2025-08-31T23:31:04 IST" duration-ms="7932" status="PASS">
          <reporter-output>
          </reporter-output>
        </test-method> <!-- hotelRoomBooking -->
        <test-method signature="hotelSearchWithPastCheckinDate()[pri:5, instance:tests.HotelTest@35b74c5c]" started-at="2025-08-31T23:31:04 IST" name="hotelSearchWithPastCheckinDate" description="Search with past check-in date should show validation error" finished-at="2025-08-31T23:31:11 IST" duration-ms="6341" status="PASS">
          <reporter-output>
          </reporter-output>
        </test-method> <!-- hotelSearchWithPastCheckinDate -->
        <test-method signature="hotelSearchWithSameCheckinCheckoutDate()[pri:6, instance:tests.HotelTest@35b74c5c]" started-at="2025-08-31T23:31:11 IST" name="hotelSearchWithSameCheckinCheckoutDate" description="Same check-in and check-out date should show validation error" finished-at="2025-08-31T23:31:26 IST" duration-ms="15030" status="PASS">
          <reporter-output>
          </reporter-output>
        </test-method> <!-- hotelSearchWithSameCheckinCheckoutDate -->
        <test-method signature="hotelSearchWithoutDestination()[pri:7, instance:tests.HotelTest@35b74c5c]" started-at="2025-08-31T23:31:26 IST" name="hotelSearchWithoutDestination" description="Search without entering destination should show validation error" finished-at="2025-08-31T23:31:31 IST" duration-ms="5396" status="PASS">
          <reporter-output>
          </reporter-output>
        </test-method> <!-- hotelSearchWithoutDestination -->
        <test-method is-config="true" signature="tearDown()[pri:0, instance:tests.HotelTest@35b74c5c]" started-at="2025-08-31T23:31:31 IST" name="tearDown" finished-at="2025-08-31T23:31:35 IST" duration-ms="4293" status="PASS">
          <reporter-output>
          </reporter-output>
        </test-method> <!-- tearDown -->
      </class> <!-- tests.HotelTest -->
      <class name="tests.FlightTest">
        <test-method is-config="true" signature="openBrowser()[pri:0, instance:tests.FlightTest@3576ddc2]" started-at="2025-08-31T23:29:14 IST" name="openBrowser" finished-at="2025-08-31T23:29:24 IST" duration-ms="9894" status="PASS">
          <reporter-output>
          </reporter-output>
        </test-method> <!-- openBrowser -->
        <test-method signature="ads()[pri:1, instance:tests.FlightTest@3576ddc2]" started-at="2025-08-31T23:29:24 IST" name="ads" finished-at="2025-08-31T23:29:24 IST" duration-ms="133" status="PASS">
          <reporter-output>
          </reporter-output>
        </test-method> <!-- ads -->
        <test-method signature="OneWayTrip()[pri:2, instance:tests.FlightTest@3576ddc2]" started-at="2025-08-31T23:29:24 IST" name="OneWayTrip" finished-at="2025-08-31T23:29:46 IST" duration-ms="21584" status="PASS">
          <reporter-output>
          </reporter-output>
        </test-method> <!-- OneWayTrip -->
        <test-method signature="RoundTrip()[pri:3, instance:tests.FlightTest@3576ddc2]" started-at="2025-08-31T23:29:46 IST" name="RoundTrip" finished-at="2025-08-31T23:30:08 IST" duration-ms="21969" status="PASS">
          <reporter-output>
          </reporter-output>
        </test-method> <!-- RoundTrip -->
        <test-method is-config="true" signature="tearDown()[pri:0, instance:tests.FlightTest@3576ddc2]" started-at="2025-08-31T23:30:08 IST" name="tearDown" finished-at="2025-08-31T23:30:12 IST" duration-ms="4510" status="PASS">
          <reporter-output>
          </reporter-output>
        </test-method> <!-- tearDown -->
      </class> <!-- tests.FlightTest -->
    </test> <!-- MakeMyTripTests -->
  </suite> <!-- AutomationSuite -->
</testng-results>
