<?xml version="1.0" encoding="UTF-8"?>
<testng-results ignored="0" total="13" passed="13" failed="0" skipped="0">
  <reporter-output>
  </reporter-output>
  <suite started-at="2025-09-02T20:16:08 IST" name="AutomationSuite" finished-at="2025-09-02T20:19:39 IST" duration-ms="211291">
    <groups>
    </groups>
    <test started-at="2025-09-02T20:16:08 IST" name="MakeMyTripTests" finished-at="2025-09-02T20:19:39 IST" duration-ms="211291">
      <class name="tests.LoginTest">
        <test-method is-config="true" signature="openBrowser()[pri:0, instance:tests.LoginTest@18ece7f4]" started-at="2025-09-02T20:16:08 IST" name="openBrowser" finished-at="2025-09-02T20:16:20 IST" duration-ms="12551" status="PASS">
          <reporter-output>
          </reporter-output>
        </test-method> <!-- openBrowser -->
        <test-method signature="EnterLoginCredential()[pri:1, instance:tests.LoginTest@18ece7f4]" started-at="2025-09-02T20:16:20 IST" name="EnterLoginCredential" finished-at="2025-09-02T20:16:23 IST" duration-ms="2370" status="PASS">
          <reporter-output>
          </reporter-output>
        </test-method> <!-- EnterLoginCredential -->
        <test-method signature="testClosePopup()[pri:2, instance:tests.LoginTest@18ece7f4]" started-at="2025-09-02T20:16:23 IST" name="testClosePopup" finished-at="2025-09-02T20:16:23 IST" duration-ms="277" status="PASS">
          <reporter-output>
          </reporter-output>
        </test-method> <!-- testClosePopup -->
        <test-method is-config="true" signature="destroyBrowser()[pri:0, instance:tests.LoginTest@18ece7f4]" started-at="2025-09-02T20:16:23 IST" name="destroyBrowser" finished-at="2025-09-02T20:16:25 IST" duration-ms="1764" status="PASS">
          <reporter-output>
          </reporter-output>
        </test-method> <!-- destroyBrowser -->
      </class> <!-- tests.LoginTest -->
      <class name="tests.HotelTest">
        <test-method is-config="true" signature="setup()[pri:0, instance:tests.HotelTest@35b74c5c]" started-at="2025-09-02T20:17:23 IST" name="setup" finished-at="2025-09-02T20:17:32 IST" duration-ms="9225" status="PASS">
          <reporter-output>
          </reporter-output>
        </test-method> <!-- setup -->
        <test-method signature="hotelSearchWithFutureDatesTest()[pri:0, instance:tests.HotelTest@35b74c5c]" started-at="2025-09-02T20:17:32 IST" name="hotelSearchWithFutureDatesTest" description="Search hotels in a valid location with future check-in and check-out dates" finished-at="2025-09-02T20:17:40 IST" duration-ms="7566" status="PASS">
          <reporter-output>
          </reporter-output>
        </test-method> <!-- hotelSearchWithFutureDatesTest -->
        <test-method signature="hotelFilterApplicationTest()[pri:1, instance:tests.HotelTest@35b74c5c]" started-at="2025-09-02T20:17:40 IST" name="hotelFilterApplicationTest" description="Apply filters like star rating, amenities, and price range" finished-at="2025-09-02T20:18:39 IST" duration-ms="58878" status="PASS">
          <reporter-output>
          </reporter-output>
        </test-method> <!-- hotelFilterApplicationTest -->
        <test-method signature="hotelSortResults()[pri:2, instance:tests.HotelTest@35b74c5c]" started-at="2025-09-02T20:18:39 IST" name="hotelSortResults" description="Sort hotel results by rating or lowest price" finished-at="2025-09-02T20:18:52 IST" duration-ms="13529" status="PASS">
          <reporter-output>
          </reporter-output>
        </test-method> <!-- hotelSortResults -->
        <test-method signature="hotelDetailPageValidation()[pri:3, instance:tests.HotelTest@35b74c5c]" started-at="2025-09-02T20:18:52 IST" name="hotelDetailPageValidation" description="Open hotel detail page and verify room types and prices" finished-at="2025-09-02T20:18:59 IST" duration-ms="6609" status="PASS">
          <reporter-output>
          </reporter-output>
        </test-method> <!-- hotelDetailPageValidation -->
        <test-method signature="hotelRoomBooking()[pri:4, instance:tests.HotelTest@35b74c5c]" started-at="2025-09-02T20:18:59 IST" name="hotelRoomBooking" description="Book a hotel room with valid guest details" finished-at="2025-09-02T20:19:08 IST" duration-ms="9061" status="PASS">
          <reporter-output>
          </reporter-output>
        </test-method> <!-- hotelRoomBooking -->
        <test-method signature="hotelSearchWithPastCheckinDate()[pri:5, instance:tests.HotelTest@35b74c5c]" started-at="2025-09-02T20:19:08 IST" name="hotelSearchWithPastCheckinDate" description="Search with past check-in date should show validation error" finished-at="2025-09-02T20:19:15 IST" duration-ms="6785" status="PASS">
          <reporter-output>
          </reporter-output>
        </test-method> <!-- hotelSearchWithPastCheckinDate -->
        <test-method signature="hotelSearchWithSameCheckinCheckoutDate()[pri:6, instance:tests.HotelTest@35b74c5c]" started-at="2025-09-02T20:19:15 IST" name="hotelSearchWithSameCheckinCheckoutDate" description="Same check-in and check-out date should show validation error" finished-at="2025-09-02T20:19:29 IST" duration-ms="14350" status="PASS">
          <reporter-output>
          </reporter-output>
        </test-method> <!-- hotelSearchWithSameCheckinCheckoutDate -->
        <test-method signature="hotelSearchWithoutDestination()[pri:7, instance:tests.HotelTest@35b74c5c]" started-at="2025-09-02T20:19:29 IST" name="hotelSearchWithoutDestination" description="Search without entering destination should show validation error" finished-at="2025-09-02T20:19:35 IST" duration-ms="5783" status="PASS">
          <reporter-output>
          </reporter-output>
        </test-method> <!-- hotelSearchWithoutDestination -->
        <test-method is-config="true" signature="tearDown()[pri:0, instance:tests.HotelTest@35b74c5c]" started-at="2025-09-02T20:19:35 IST" name="tearDown" finished-at="2025-09-02T20:19:39 IST" duration-ms="4453" status="PASS">
          <reporter-output>
          </reporter-output>
        </test-method> <!-- tearDown -->
      </class> <!-- tests.HotelTest -->
      <class name="tests.FlightTest">
        <test-method is-config="true" signature="openBrowser()[pri:0, instance:tests.FlightTest@3576ddc2]" started-at="2025-09-02T20:16:25 IST" name="openBrowser" finished-at="2025-09-02T20:16:33 IST" duration-ms="8319" status="PASS">
          <reporter-output>
          </reporter-output>
        </test-method> <!-- openBrowser -->
        <test-method signature="ads()[pri:1, instance:tests.FlightTest@3576ddc2]" started-at="2025-09-02T20:16:33 IST" name="ads" finished-at="2025-09-02T20:16:34 IST" duration-ms="834" status="PASS">
          <reporter-output>
          </reporter-output>
        </test-method> <!-- ads -->
        <test-method signature="OneWayTrip()[pri:2, instance:tests.FlightTest@3576ddc2]" started-at="2025-09-02T20:16:34 IST" name="OneWayTrip" finished-at="2025-09-02T20:16:56 IST" duration-ms="21764" status="PASS">
          <reporter-output>
          </reporter-output>
        </test-method> <!-- OneWayTrip -->
        <test-method signature="RoundTrip()[pri:3, instance:tests.FlightTest@3576ddc2]" started-at="2025-09-02T20:16:56 IST" name="RoundTrip" finished-at="2025-09-02T20:17:18 IST" duration-ms="22077" status="PASS">
          <reporter-output>
          </reporter-output>
        </test-method> <!-- RoundTrip -->
        <test-method is-config="true" signature="tearDown()[pri:0, instance:tests.FlightTest@3576ddc2]" started-at="2025-09-02T20:17:18 IST" name="tearDown" finished-at="2025-09-02T20:17:23 IST" duration-ms="4965" status="PASS">
          <reporter-output>
          </reporter-output>
        </test-method> <!-- tearDown -->
      </class> <!-- tests.FlightTest -->
    </test> <!-- MakeMyTripTests -->
  </suite> <!-- AutomationSuite -->
</testng-results>
