<?xml version="1.0" encoding="UTF-8"?>
<!-- Generated by org.testng.reporters.JUnitXMLReporter -->
<testsuite ignored="0" hostname="LAPTOP-755STTQD" failures="0" tests="13" name="MakeMyTripTests" time="211.291" errors="0" timestamp="2025-09-02T20:19:40 IST">
  <testcase classname="tests.LoginTest" name="EnterLoginCredential" time="2.37"/>
  <testcase classname="tests.LoginTest" name="testClosePopup" time="0.277"/>
  <testcase classname="tests.FlightTest" name="ads" time="0.834"/>
  <testcase classname="tests.FlightTest" name="OneWayTrip" time="21.764"/>
  <testcase classname="tests.FlightTest" name="RoundTrip" time="22.077"/>
  <testcase classname="tests.HotelTest" name="hotelSearchWithFutureDatesTest" time="7.566"/>
  <testcase classname="tests.HotelTest" name="hotelFilterApplicationTest" time="58.878"/>
  <testcase classname="tests.HotelTest" name="hotelSortResults" time="13.529"/>
  <testcase classname="tests.HotelTest" name="hotelDetailPageValidation" time="6.609"/>
  <testcase classname="tests.HotelTest" name="hotelRoomBooking" time="9.061"/>
  <testcase classname="tests.HotelTest" name="hotelSearchWithPastCheckinDate" time="6.785"/>
  <testcase classname="tests.HotelTest" name="hotelSearchWithSameCheckinCheckoutDate" time="14.35"/>
  <testcase classname="tests.HotelTest" name="hotelSearchWithoutDestination" time="5.783"/>
</testsuite> <!-- MakeMyTripTests -->
